<?xml version="1.0" encoding="UTF-8"?>
<!-- Generated by org.testng.reporters.JUnitReportReporter -->
<testsuite hostname="LAPTOP-SCFPIU02" failures="0" tests="1" name="package1.TrelloBoard" time="2.565" errors="0" timestamp="20 Nov 2023 10:49:49 GMT">
  <testcase classname="package1.TrelloBoard" name="createBoard" time="2.565"/>
</testsuite> <!-- package1.TrelloBoard -->
